This is pdfTeX, Version 3.141592653-2.6-1.40.25 (TeX Live 2023) (preloaded format=pdflatex 2024.3.10)  10 MAR 2024 22:52
entering extended mode
 restricted \write18 enabled.
 %&-line parsing enabled.
**locklin.tex
(./locklin.tex
LaTeX2e <2023-11-01> patch level 1
L3 programming layer <2024-02-20>
(/Users/administrator/Library/TinyTeX/texmf-dist/tex/latex/base/article.cls
Document Class: article 2023/05/17 v1.4n Standard LaTeX document class
(/Users/administrator/Library/TinyTeX/texmf-dist/tex/latex/base/size10.clo
File: size10.clo 2023/05/17 v1.4n Standard LaTeX file (size option)
)
\c@part=\count188
\c@section=\count189
\c@subsection=\count190
\c@subsubsection=\count191
\c@paragraph=\count192
\c@subparagraph=\count193
\c@figure=\count194
\c@table=\count195
\abovecaptionskip=\skip48
\belowcaptionskip=\skip49
\bibindent=\dimen140
) (/Users/administrator/Library/TinyTeX/texmf-dist/tex/latex/tools/calc.sty
Package: calc 2023/07/08 v4.3 Infix arithmetic (KKT,FJ)
\calc@Acount=\count196
\calc@Bcount=\count197
\calc@Adimen=\dimen141
\calc@Bdimen=\dimen142
\calc@Askip=\skip50
\calc@Bskip=\skip51
LaTeX Info: Redefining \setlength on input line 80.
LaTeX Info: Redefining \addtolength on input line 81.
\calc@Ccount=\count198
\calc@Cskip=\skip52
) (/Users/administrator/Library/TinyTeX/texmf-dist/tex/latex/geometry/geometry.sty
Package: geometry 2020/01/02 v5.9 Page Geometry
 (/Users/administrator/Library/TinyTeX/texmf-dist/tex/latex/graphics/keyval.sty
Package: keyval 2022/05/29 v1.15 key=value parser (DPC)
\KV@toks@=\toks17
) (/Users/administrator/Library/TinyTeX/texmf-dist/tex/generic/iftex/ifvtex.sty
Package: ifvtex 2019/10/25 v1.7 ifvtex legacy package. Use iftex instead.
 (/Users/administrator/Library/TinyTeX/texmf-dist/tex/generic/iftex/iftex.sty
Package: iftex 2022/02/03 v1.0f TeX engine tests
))
\Gm@cnth=\count199
\Gm@cntv=\count266
\c@Gm@tempcnt=\count267
\Gm@bindingoffset=\dimen143
\Gm@wd@mp=\dimen144
\Gm@odd@mp=\dimen145
\Gm@even@mp=\dimen146
\Gm@layoutwidth=\dimen147
\Gm@layoutheight=\dimen148
\Gm@layouthoffset=\dimen149
\Gm@layoutvoffset=\dimen150
\Gm@dimlist=\toks18
) (/Users/administrator/Library/TinyTeX/texmf-dist/tex/latex/paralist/paralist.sty
Package: paralist 2017/01/22 v2.7 Extended list environments
\pltopsep=\skip53
\plpartopsep=\skip54
\plitemsep=\skip55
\plparsep=\skip56
\pl@lab=\toks19
) (/Users/administrator/Library/TinyTeX/texmf-dist/tex/latex/fancyhdr/fancyhdr.sty
Package: fancyhdr 2022/11/09 v4.1 Extensive control of page headers and footers
\f@nch@headwidth=\skip57
\f@nch@O@elh=\skip58
\f@nch@O@erh=\skip59
\f@nch@O@olh=\skip60
\f@nch@O@orh=\skip61
\f@nch@O@elf=\skip62
\f@nch@O@erf=\skip63
\f@nch@O@olf=\skip64
\f@nch@O@orf=\skip65
) (/Users/administrator/Library/TinyTeX/texmf-dist/tex/latex/lastpage/lastpage.sty
Package: lastpage 2023/10/14 v2.0e lastpage: 2.09 or 2e? (HMM)
 (/Users/administrator/Library/TinyTeX/texmf-dist/tex/latex/lastpage/lastpage2e.sty
Package: lastpage2e 2023/10/14 v2.0e Decide which 2e lastpage version to use (HMM)
 (/Users/administrator/Library/TinyTeX/texmf-dist/tex/latex/lastpage/lastpagemodern.sty
Package: lastpagemodern 2023-10-14 v2.0e Refers to last page's name (HMM; JPG)
\c@lastpagecount=\count268
) 
))
\footpageshift=\skip66
 (/Users/administrator/Library/TinyTeX/texmf-dist/tex/latex/hyperref/hyperref.sty
Package: hyperref 2024-01-20 v7.01h Hypertext links for LaTeX
 (/Users/administrator/Library/TinyTeX/texmf-dist/tex/latex/kvsetkeys/kvsetkeys.sty
Package: kvsetkeys 2022-10-05 v1.19 Key value parser (HO)
) (/Users/administrator/Library/TinyTeX/texmf-dist/tex/generic/kvdefinekeys/kvdefinekeys.sty
Package: kvdefinekeys 2019-12-19 v1.6 Define keys (HO)
) (/Users/administrator/Library/TinyTeX/texmf-dist/tex/generic/pdfescape/pdfescape.sty
Package: pdfescape 2019/12/09 v1.15 Implements pdfTeX's escape features (HO)
 (/Users/administrator/Library/TinyTeX/texmf-dist/tex/generic/ltxcmds/ltxcmds.sty
Package: ltxcmds 2023-12-04 v1.26 LaTeX kernel commands for general use (HO)
) (/Users/administrator/Library/TinyTeX/texmf-dist/tex/generic/pdftexcmds/pdftexcmds.sty
Package: pdftexcmds 2020-06-27 v0.33 Utility functions of pdfTeX for LuaTeX (HO)
 (/Users/administrator/Library/TinyTeX/texmf-dist/tex/generic/infwarerr/infwarerr.sty
Package: infwarerr 2019/12/03 v1.5 Providing info/warning/error messages (HO)
)
Package pdftexcmds Info: \pdf@primitive is available.
Package pdftexcmds Info: \pdf@ifprimitive is available.
Package pdftexcmds Info: \pdfdraftmode found.
)) (/Users/administrator/Library/TinyTeX/texmf-dist/tex/latex/hycolor/hycolor.sty
Package: hycolor 2020-01-27 v1.10 Color options for hyperref/bookmark (HO)
) (/Users/administrator/Library/TinyTeX/texmf-dist/tex/latex/auxhook/auxhook.sty
Package: auxhook 2019-12-17 v1.6 Hooks for auxiliary files (HO)
) (/Users/administrator/Library/TinyTeX/texmf-dist/tex/latex/hyperref/nameref.sty
Package: nameref 2023-11-26 v2.56 Cross-referencing by name of section
 (/Users/administrator/Library/TinyTeX/texmf-dist/tex/latex/refcount/refcount.sty
Package: refcount 2019/12/15 v3.6 Data extraction from label references (HO)
) (/Users/administrator/Library/TinyTeX/texmf-dist/tex/generic/gettitlestring/gettitlestring.sty
Package: gettitlestring 2019/12/15 v1.6 Cleanup title references (HO)
 (/Users/administrator/Library/TinyTeX/texmf-dist/tex/latex/kvoptions/kvoptions.sty
Package: kvoptions 2022-06-15 v3.15 Key value format for package options (HO)
))
\c@section@level=\count269
) (/Users/administrator/Library/TinyTeX/texmf-dist/tex/latex/etoolbox/etoolbox.sty
Package: etoolbox 2020/10/05 v2.5k e-TeX tools for LaTeX (JAW)
\etb@tempcnta=\count270
)
\@linkdim=\dimen151
\Hy@linkcounter=\count271
\Hy@pagecounter=\count272
 (/Users/administrator/Library/TinyTeX/texmf-dist/tex/latex/hyperref/pd1enc.def
File: pd1enc.def 2024-01-20 v7.01h Hyperref: PDFDocEncoding definition (HO)
Now handling font encoding PD1 ...
... no UTF-8 mapping file for font encoding PD1
) (/Users/administrator/Library/TinyTeX/texmf-dist/tex/generic/intcalc/intcalc.sty
Package: intcalc 2019/12/15 v1.3 Expandable calculations with integers (HO)
)
\Hy@SavedSpaceFactor=\count273
 (/Users/administrator/Library/TinyTeX/texmf-dist/tex/latex/hyperref/puenc.def
File: puenc.def 2024-01-20 v7.01h Hyperref: PDF Unicode definition (HO)
Now handling font encoding PU ...
... no UTF-8 mapping file for font encoding PU
)
Package hyperref Info: Hyper figures OFF on input line 4179.
Package hyperref Info: Link nesting OFF on input line 4184.
Package hyperref Info: Hyper index ON on input line 4187.
Package hyperref Info: Plain pages OFF on input line 4194.
Package hyperref Info: Backreferencing OFF on input line 4199.
Package hyperref Info: Implicit mode ON; LaTeX internals redefined.
Package hyperref Info: Bookmarks ON on input line 4446.
\c@Hy@tempcnt=\count274
 (/Users/administrator/Library/TinyTeX/texmf-dist/tex/latex/url/url.sty
\Urlmuskip=\muskip16
Package: url 2013/09/16  ver 3.4  Verb mode for urls, etc.
)
LaTeX Info: Redefining \url on input line 4784.
\XeTeXLinkMargin=\dimen152
 (/Users/administrator/Library/TinyTeX/texmf-dist/tex/generic/bitset/bitset.sty
Package: bitset 2019/12/09 v1.3 Handle bit-vector datatype (HO)
 (/Users/administrator/Library/TinyTeX/texmf-dist/tex/generic/bigintcalc/bigintcalc.sty
Package: bigintcalc 2019/12/15 v1.5 Expandable calculations on big integers (HO)
))
\Fld@menulength=\count275
\Field@Width=\dimen153
\Fld@charsize=\dimen154
Package hyperref Info: Hyper figures OFF on input line 6063.
Package hyperref Info: Link nesting OFF on input line 6068.
Package hyperref Info: Hyper index ON on input line 6071.
Package hyperref Info: backreferencing OFF on input line 6078.
Package hyperref Info: Link coloring OFF on input line 6083.
Package hyperref Info: Link coloring with OCG OFF on input line 6088.
Package hyperref Info: PDF/A mode OFF on input line 6093.
 (/Users/administrator/Library/TinyTeX/texmf-dist/tex/latex/base/atbegshi-ltx.sty
Package: atbegshi-ltx 2021/01/10 v1.0c Emulation of the original atbegshi
package with kernel methods
)
\Hy@abspage=\count276
\c@Item=\count277
\c@Hfootnote=\count278
)
Package hyperref Info: Driver (autodetected): hpdftex.
 (/Users/administrator/Library/TinyTeX/texmf-dist/tex/latex/hyperref/hpdftex.def
File: hpdftex.def 2024-01-20 v7.01h Hyperref driver for pdfTeX
 (/Users/administrator/Library/TinyTeX/texmf-dist/tex/latex/base/atveryend-ltx.sty
Package: atveryend-ltx 2020/08/19 v1.0a Emulation of the original atveryend package
with kernel methods
)
\Fld@listcount=\count279
\c@bookmark@seq@number=\count280
 (/Users/administrator/Library/TinyTeX/texmf-dist/tex/latex/rerunfilecheck/rerunfilecheck.sty
Package: rerunfilecheck 2022-07-10 v1.10 Rerun checks for auxiliary files (HO)
 (/Users/administrator/Library/TinyTeX/texmf-dist/tex/generic/uniquecounter/uniquecounter.sty
Package: uniquecounter 2019/12/15 v1.4 Provide unlimited unique counter (HO)
)
Package uniquecounter Info: New unique counter `rerunfilecheck' on input line 285.
)
\Hy@SectionHShift=\skip67
) (/Users/administrator/Library/TinyTeX/texmf-dist/tex/latex/graphics/color.sty
Package: color 2022/01/06 v1.3d Standard LaTeX Color (DPC)
 (/Users/administrator/Library/TinyTeX/texmf-dist/tex/latex/graphics-cfg/color.cfg
File: color.cfg 2016/01/02 v1.6 sample color configuration
)
Package color Info: Driver file: pdftex.def on input line 149.
 (/Users/administrator/Library/TinyTeX/texmf-dist/tex/latex/graphics-def/pdftex.def
File: pdftex.def 2022/09/22 v1.2b Graphics/color driver for pdftex
) (/Users/administrator/Library/TinyTeX/texmf-dist/tex/latex/graphics/mathcolor.ltx))
Package hyperref Info: Option `colorlinks' set `true' on input line 62.
Package hyperref Info: Option `breaklinks' set `true' on input line 62.
 (/Users/administrator/Library/TinyTeX/texmf-dist/tex/latex/enumitem/enumitem.sty
Package: enumitem 2019/06/20 v3.9 Customized lists
\labelindent=\skip68
\enit@outerparindent=\dimen155
\enit@toks=\toks20
\enit@inbox=\box51
\enit@count@id=\count281
\enitdp@description=\count282
)
\enitdp@outerlist=\count283
 (/Users/administrator/Library/TinyTeX/texmf-dist/tex/latex/l3backend/l3backend-pdftex.def
File: l3backend-pdftex.def 2024-02-20 L3 backend support: PDF output (pdfTeX)
\l__color_backend_stack_int=\count284
\l__pdf_internal_box=\box52
) (./locklin.aux)
\openout1 = `locklin.aux'.

LaTeX Font Info:    Checking defaults for OML/cmm/m/it on input line 129.
LaTeX Font Info:    ... okay on input line 129.
LaTeX Font Info:    Checking defaults for OMS/cmsy/m/n on input line 129.
LaTeX Font Info:    ... okay on input line 129.
LaTeX Font Info:    Checking defaults for OT1/cmr/m/n on input line 129.
LaTeX Font Info:    ... okay on input line 129.
LaTeX Font Info:    Checking defaults for T1/cmr/m/n on input line 129.
LaTeX Font Info:    ... okay on input line 129.
LaTeX Font Info:    Checking defaults for TS1/cmr/m/n on input line 129.
LaTeX Font Info:    ... okay on input line 129.
LaTeX Font Info:    Checking defaults for OMX/cmex/m/n on input line 129.
LaTeX Font Info:    ... okay on input line 129.
LaTeX Font Info:    Checking defaults for U/cmr/m/n on input line 129.
LaTeX Font Info:    ... okay on input line 129.
LaTeX Font Info:    Checking defaults for PD1/pdf/m/n on input line 129.
LaTeX Font Info:    ... okay on input line 129.
LaTeX Font Info:    Checking defaults for PU/pdf/m/n on input line 129.
LaTeX Font Info:    ... okay on input line 129.

*geometry* driver: auto-detecting
*geometry* detected driver: pdftex
*geometry* verbose mode - [ preamble ] result:
* driver: pdftex
* paper: letterpaper
* layout: <same size as paper>
* layoutoffset:(h,v)=(0.0pt,0.0pt)
* modes: includemp 
* h-part:(L,W,R)=(72.26999pt, 469.75502pt, 72.26999pt)
* v-part:(T,H,B)=(72.26999pt, 650.43001pt, 72.26999pt)
* \paperwidth=614.295pt
* \paperheight=794.96999pt
* \textwidth=383.03127pt
* \textheight=650.43001pt
* \oddsidemargin=86.72375pt
* \evensidemargin=86.72375pt
* \topmargin=-37.0pt
* \headheight=12.0pt
* \headsep=25.0pt
* \topskip=10.0pt
* \footskip=30.0pt
* \marginparwidth=72.26999pt
* \marginparsep=14.45377pt
* \columnsep=10.0pt
* \skip\footins=9.0pt plus 4.0pt minus 2.0pt
* \hoffset=0.0pt
* \voffset=0.0pt
* \mag=1000
* \@twocolumnfalse
* \@twosidefalse
* \@mparswitchfalse
* \@reversemargintrue
* (1in=72.27pt=25.4mm, 1cm=28.453pt)

Package hyperref Info: Link coloring ON on input line 129.
(./locklin.out) (./locklin.out)
\@outlinefile=\write3
\openout3 = `locklin.out'.

\rcollength=\skip69
LaTeX Font Info:    External font `cmex10' loaded for size
(Font)              <7> on input line 137.
LaTeX Font Info:    External font `cmex10' loaded for size
(Font)              <5> on input line 137.

Overfull \hbox (18.0pt too wide) in paragraph at lines 137--145
[][] 
 []


Package paralist Warning: Incorrect label; no or multiple counters.
(paralist)                The label is: \hskip .5em\relax \textbullet  on input line 168.


Package paralist Warning: Incorrect label; no or multiple counters.
(paralist)                The label is: \hskip .5em\relax \textbullet  on input line 179.


Package paralist Warning: Incorrect label; no or multiple counters.
(paralist)                The label is: \hskip .5em\relax \textbullet  on input line 191.


Package paralist Warning: Incorrect label; no or multiple counters.
(paralist)                The label is: \hskip .5em\relax \textbullet  on input line 210.


Package paralist Warning: Incorrect label; no or multiple counters.
(paralist)                The label is: \hskip .5em\relax \textbullet  on input line 242.

[1

{/Users/administrator/Library/TinyTeX/texmf-var/fonts/map/pdftex/updmap/pdftex.map}]

Package paralist Warning: Incorrect label; no or multiple counters.
(paralist)                The label is: \hskip .5em\relax \textbullet  on input line 269.


Package paralist Warning: Incorrect label; no or multiple counters.
(paralist)                The label is: \hskip .5em\relax \textbullet  on input line 281.


Package paralist Warning: Incorrect label; no or multiple counters.
(paralist)                The label is: \hskip .5em\relax \textbullet  on input line 306.


Package paralist Warning: Incorrect label; no or multiple counters.
(paralist)                The label is: \hskip .5em\relax \textbullet  on input line 321.


Package paralist Warning: Incorrect label; no or multiple counters.
(paralist)                The label is: \hskip .5em\relax \textbullet  on input line 332.


Package paralist Warning: Incorrect label; no or multiple counters.
(paralist)                The label is: \hskip .5em\relax \textbullet  on input line 343.


Package paralist Warning: Incorrect label; no or multiple counters.
(paralist)                The label is: \hskip .5em\relax \textbullet  on input line 355.


Package paralist Warning: Incorrect label; no or multiple counters.
(paralist)                The label is: \hskip .5em\relax \textbullet  on input line 397.

[2]

Package paralist Warning: Incorrect label; no or multiple counters.
(paralist)                The label is: \hskip .5em\relax \textbullet  on input line 414.


Package paralist Warning: Incorrect label; no or multiple counters.
(paralist)                The label is: \hskip .5em\relax \textbullet  on input line 426.


Package paralist Warning: Incorrect label; no or multiple counters.
(paralist)                The label is: \hskip .5em\relax \textbullet  on input line 435.


Package paralist Warning: Incorrect label; no or multiple counters.
(paralist)                The label is: \hskip .5em\relax \textbullet  on input line 444.


Package paralist Warning: Incorrect label; no or multiple counters.
(paralist)                The label is: \hskip .5em\relax \textbullet  on input line 463.


Package paralist Warning: Incorrect label; no or multiple counters.
(paralist)                The label is: \hskip .5em\relax \textbullet  on input line 473.


Underfull \hbox (badness 10000) in paragraph at lines 475--478

 []


Overfull \hbox (117.39522pt too wide) in paragraph at lines 495--496
[]
 []


Overfull \hbox (115.0841pt too wide) in paragraph at lines 499--500
[]
 []


Package paralist Warning: Incorrect label; no or multiple counters.
(paralist)                The label is: \hskip .5em\relax \textbullet  on input line 527.

[3]

Package paralist Warning: Incorrect label; no or multiple counters.
(paralist)                The label is: \hskip .5em\relax \textbullet  on input line 547.


Package paralist Warning: Incorrect label; no or multiple counters.
(paralist)                The label is: \hskip .5em\relax \textbullet  on input line 573.


Package paralist Warning: Incorrect label; no or multiple counters.
(paralist)                The label is: \hskip .5em\relax \textbullet  on input line 589.


Package paralist Warning: Incorrect label; no or multiple counters.
(paralist)                The label is: \hskip .5em\relax \textbullet  on input line 618.


Package paralist Warning: Incorrect label; no or multiple counters.
(paralist)                The label is: \hskip .5em\relax \textbullet  on input line 626.


Package paralist Warning: Incorrect label; no or multiple counters.
(paralist)                The label is: \hskip .5em\relax \textbullet  on input line 634.


Package paralist Warning: Incorrect label; no or multiple counters.
(paralist)                The label is: \hskip .5em\relax \textbullet  on input line 643.


Package paralist Warning: Incorrect label; no or multiple counters.
(paralist)                The label is: \hskip .5em\relax \textbullet  on input line 651.


Package paralist Warning: Incorrect label; no or multiple counters.
(paralist)                The label is: \hskip .5em\relax \textbullet  on input line 660.


Package paralist Warning: Incorrect label; no or multiple counters.
(paralist)                The label is: \hskip .5em\relax \textbullet  on input line 673.

[4]
Overfull \hbox (0.38608pt too wide) in paragraph at lines 743--748
[][]\OT1/cmr/m/n/10 wrdsb.ca/about-the-wrdsb/research/reports/scis/2022-2023-safe-caring-and-inclusive-
 []


Overfull \hbox (1.85826pt too wide) in paragraph at lines 748--755
\OT1/cmr/m/n/10 Retrieve from [][]www.badsciencewatch.ca/projects/investigation-of-anti-wifi-activism-in-
 []

[5]

Package paralist Warning: Incorrect label; no or multiple counters.
(paralist)                The label is: \hskip .5em\relax \textbullet  on input line 780.


Package paralist Warning: Incorrect label; no or multiple counters.
(paralist)                The label is: \hskip .5em\relax \textbullet  on input line 799.


Package paralist Warning: Incorrect label; no or multiple counters.
(paralist)                The label is: \hskip .5em\relax \textbullet  on input line 819.


Package paralist Warning: Incorrect label; no or multiple counters.
(paralist)                The label is: \hskip .5em\relax \textbullet  on input line 843.


Package paralist Warning: Incorrect label; no or multiple counters.
(paralist)                The label is: \hskip .5em\relax \textbullet  on input line 865.

[6]

Package paralist Warning: Incorrect label; no or multiple counters.
(paralist)                The label is: \hskip .5em\relax \textbullet  on input line 880.

[7] 
enddocument/afterlastpage: lastpage setting LastPage.
(./locklin.aux)
 ***********
LaTeX2e <2023-11-01> patch level 1
L3 programming layer <2024-02-20>
 ***********
Package rerunfilecheck Info: File `locklin.out' has not changed.
(rerunfilecheck)             Checksum: E92F11207AD27BD3B3579C2D274ACC99;1465.
 ) 
Here is how much of TeX's memory you used:
 9203 strings out of 476082
 145430 string characters out of 5791847
 1947187 words of memory out of 5000000
 31122 multiletter control sequences out of 15000+600000
 560304 words of font info for 43 fonts, out of 8000000 for 9000
 14 hyphenation exceptions out of 8191
 75i,13n,79p,280b,685s stack positions out of 10000i,1000n,20000p,200000b,200000s
 </Users/administrator/Library/TinyTeX/texmf-var/fonts/pk/ljfour/jknappen/ec/tcbx1000.600pk> </Users/administrator/Library/TinyTeX/texmf-var/fonts/pk/ljfour/jknappen/ec/tcrm1000.600pk></Users/administrator/Library/TinyTeX/texmf-dist/fonts/type1/public/amsfonts/cm/cmbx10.pfb></Users/administrator/Library/TinyTeX/texmf-dist/fonts/type1/public/amsfonts/cm/cmbx12.pfb></Users/administrator/Library/TinyTeX/texmf-dist/fonts/type1/public/amsfonts/cm/cmcsc10.pfb></Users/administrator/Library/TinyTeX/texmf-dist/fonts/type1/public/amsfonts/cm/cmr10.pfb></Users/administrator/Library/TinyTeX/texmf-dist/fonts/type1/public/amsfonts/cm/cmti10.pfb>
Output written on locklin.pdf (7 pages, 114396 bytes).
PDF statistics:
 283 PDF objects out of 1000 (max. 8388607)
 259 compressed objects within 3 object streams
 108 named destinations out of 1000 (max. 500000)
 89 words of extra memory for PDF output out of 10000 (max. 10000000)

